e:\documents\cours\git\raven\raven\debug\vc140.pdb
e:\documents\cours\git\raven\raven\debug\vc140.idb
e:\documents\cours\git\raven\raven\debug\trigger_weapongiver.sbr
e:\documents\cours\git\raven\raven\debug\trigger_soundnotify.sbr
e:\documents\cours\git\raven\raven\debug\trigger_healthgiver.sbr
e:\documents\cours\git\raven\raven\debug\raven_weaponsystem.sbr
e:\documents\cours\git\raven\raven\debug\raven_useroptions.sbr
e:\documents\cours\git\raven\raven\debug\raven_targetingsystem.sbr
e:\documents\cours\git\raven\raven\debug\raven_steeringbehaviors.sbr
e:\documents\cours\git\raven\raven\debug\raven_sensorymemory.sbr
e:\documents\cours\git\raven\raven\debug\raven_map.sbr
e:\documents\cours\git\raven\raven\debug\raven_game.sbr
e:\documents\cours\git\raven\raven\debug\raven_door.sbr
e:\documents\cours\git\raven\raven\debug\raven_bot.sbr
e:\documents\cours\git\raven\raven\debug\raven_pathplanner.sbr
e:\documents\cours\git\raven\raven\debug\main.sbr
e:\documents\cours\git\raven\raven\debug\raven_scriptor.sbr
e:\documents\cours\git\raven\raven\debug\gravemarkers.sbr
e:\documents\cours\git\raven\raven\debug\raven_goal_types.sbr
e:\documents\cours\git\raven\raven\debug\raven_feature.sbr
e:\documents\cours\git\raven\raven\debug\goal_wander.sbr
e:\documents\cours\git\raven\raven\debug\goal_traverseedge.sbr
e:\documents\cours\git\raven\raven\debug\goal_traverseedge.obj
e:\documents\cours\git\raven\raven\debug\goal_traverseedge.asm
e:\documents\cours\git\raven\raven\debug\goal_wander.obj
e:\documents\cours\git\raven\raven\debug\goal_wander.asm
e:\documents\cours\git\raven\raven\debug\raven_feature.obj
e:\documents\cours\git\raven\raven\debug\raven_feature.asm
e:\documents\cours\git\raven\raven\debug\raven_goal_types.obj
e:\documents\cours\git\raven\raven\debug\raven_goal_types.asm
e:\documents\cours\git\raven\raven\debug\gravemarkers.obj
e:\documents\cours\git\raven\raven\debug\gravemarkers.asm
e:\documents\cours\git\raven\raven\debug\raven_scriptor.obj
e:\documents\cours\git\raven\raven\debug\raven_scriptor.asm
e:\documents\cours\git\raven\raven\debug\main.obj
e:\documents\cours\git\raven\raven\debug\main.asm
e:\documents\cours\git\raven\raven\debug\raven_pathplanner.obj
e:\documents\cours\git\raven\raven\debug\raven_pathplanner.asm
e:\documents\cours\git\raven\raven\debug\raven_bot.obj
e:\documents\cours\git\raven\raven\debug\raven_bot.asm
e:\documents\cours\git\raven\raven\debug\raven_door.obj
e:\documents\cours\git\raven\raven\debug\raven_door.asm
e:\documents\cours\git\raven\raven\debug\raven_game.obj
e:\documents\cours\git\raven\raven\debug\raven_game.asm
e:\documents\cours\git\raven\raven\debug\raven_map.obj
e:\documents\cours\git\raven\raven\debug\raven_map.asm
e:\documents\cours\git\raven\raven\debug\raven_sensorymemory.obj
e:\documents\cours\git\raven\raven\debug\raven_sensorymemory.asm
e:\documents\cours\git\raven\raven\debug\raven_steeringbehaviors.obj
e:\documents\cours\git\raven\raven\debug\raven_steeringbehaviors.asm
e:\documents\cours\git\raven\raven\debug\raven_targetingsystem.obj
e:\documents\cours\git\raven\raven\debug\raven_targetingsystem.asm
e:\documents\cours\git\raven\raven\debug\raven_useroptions.obj
e:\documents\cours\git\raven\raven\debug\raven_useroptions.asm
e:\documents\cours\git\raven\raven\debug\raven_weaponsystem.obj
e:\documents\cours\git\raven\raven\debug\raven_weaponsystem.asm
e:\documents\cours\git\raven\raven\debug\trigger_healthgiver.obj
e:\documents\cours\git\raven\raven\debug\trigger_healthgiver.asm
e:\documents\cours\git\raven\raven\debug\trigger_soundnotify.obj
e:\documents\cours\git\raven\raven\debug\trigger_soundnotify.asm
e:\documents\cours\git\raven\raven\debug\trigger_weapongiver.obj
e:\documents\cours\git\raven\raven\debug\trigger_weapongiver.asm
e:\documents\cours\git\raven\raven\debug\goal_think.sbr
e:\documents\cours\git\raven\raven\debug\goal_seektoposition.sbr
e:\documents\cours\git\raven\raven\debug\goal_sayphrase.sbr
e:\documents\cours\git\raven\raven\debug\goal_negotiatedoor.sbr
e:\documents\cours\git\raven\raven\debug\goal_movetoposition.sbr
e:\documents\cours\git\raven\raven\debug\goal_hunttarget.sbr
e:\documents\cours\git\raven\raven\debug\goal_getitem.sbr
e:\documents\cours\git\raven\raven\debug\goal_followpath.sbr
e:\documents\cours\git\raven\raven\debug\goal_explore.sbr
e:\documents\cours\git\raven\raven\debug\goal_dodgesidetoside.sbr
e:\documents\cours\git\raven\raven\debug\goal_attacktarget.sbr
e:\documents\cours\git\raven\raven\debug\goal_adjustrange.sbr
e:\documents\cours\git\raven\raven\debug\getweapongoal_evaluator.sbr
e:\documents\cours\git\raven\raven\debug\gethealthgoal_evaluator.sbr
e:\documents\cours\git\raven\raven\debug\exploregoal_evaluator.sbr
e:\documents\cours\git\raven\raven\debug\attacktargetgoal_evaluator.sbr
e:\documents\cours\git\raven\raven\debug\weapon_shotgun.sbr
e:\documents\cours\git\raven\raven\debug\weapon_rocketlauncher.sbr
e:\documents\cours\git\raven\raven\debug\weapon_railgun.sbr
e:\documents\cours\git\raven\raven\debug\weapon_blaster.sbr
e:\documents\cours\git\raven\raven\debug\weapon_blaster.obj
e:\documents\cours\git\raven\raven\debug\weapon_blaster.asm
e:\documents\cours\git\raven\raven\debug\weapon_railgun.obj
e:\documents\cours\git\raven\raven\debug\weapon_railgun.asm
e:\documents\cours\git\raven\raven\debug\weapon_rocketlauncher.obj
e:\documents\cours\git\raven\raven\debug\weapon_rocketlauncher.asm
e:\documents\cours\git\raven\raven\debug\weapon_shotgun.obj
e:\documents\cours\git\raven\raven\debug\weapon_shotgun.asm
e:\documents\cours\git\raven\raven\debug\attacktargetgoal_evaluator.obj
e:\documents\cours\git\raven\raven\debug\attacktargetgoal_evaluator.asm
e:\documents\cours\git\raven\raven\debug\exploregoal_evaluator.obj
e:\documents\cours\git\raven\raven\debug\exploregoal_evaluator.asm
e:\documents\cours\git\raven\raven\debug\gethealthgoal_evaluator.obj
e:\documents\cours\git\raven\raven\debug\gethealthgoal_evaluator.asm
e:\documents\cours\git\raven\raven\debug\getweapongoal_evaluator.obj
e:\documents\cours\git\raven\raven\debug\getweapongoal_evaluator.asm
e:\documents\cours\git\raven\raven\debug\goal_adjustrange.obj
e:\documents\cours\git\raven\raven\debug\goal_adjustrange.asm
e:\documents\cours\git\raven\raven\debug\goal_attacktarget.obj
e:\documents\cours\git\raven\raven\debug\goal_attacktarget.asm
e:\documents\cours\git\raven\raven\debug\goal_dodgesidetoside.obj
e:\documents\cours\git\raven\raven\debug\goal_dodgesidetoside.asm
e:\documents\cours\git\raven\raven\debug\goal_explore.obj
e:\documents\cours\git\raven\raven\debug\goal_explore.asm
e:\documents\cours\git\raven\raven\debug\goal_followpath.obj
e:\documents\cours\git\raven\raven\debug\goal_followpath.asm
e:\documents\cours\git\raven\raven\debug\goal_getitem.obj
e:\documents\cours\git\raven\raven\debug\goal_getitem.asm
e:\documents\cours\git\raven\raven\debug\goal_hunttarget.obj
e:\documents\cours\git\raven\raven\debug\goal_hunttarget.asm
e:\documents\cours\git\raven\raven\debug\goal_movetoposition.obj
e:\documents\cours\git\raven\raven\debug\goal_movetoposition.asm
e:\documents\cours\git\raven\raven\debug\goal_negotiatedoor.obj
e:\documents\cours\git\raven\raven\debug\goal_negotiatedoor.asm
e:\documents\cours\git\raven\raven\debug\goal_sayphrase.obj
e:\documents\cours\git\raven\raven\debug\goal_sayphrase.asm
e:\documents\cours\git\raven\raven\debug\goal_seektoposition.obj
e:\documents\cours\git\raven\raven\debug\goal_seektoposition.asm
e:\documents\cours\git\raven\raven\debug\goal_think.obj
e:\documents\cours\git\raven\raven\debug\goal_think.asm
e:\documents\cours\git\raven\raven\debug\raven_weapon.sbr
e:\documents\cours\git\raven\raven\debug\raven_projectile.sbr
e:\documents\cours\git\raven\raven\debug\projectile_slug.sbr
e:\documents\cours\git\raven\raven\debug\projectile_rocket.sbr
e:\documents\cours\git\raven\raven\debug\projectile_pellet.sbr
e:\documents\cours\git\raven\raven\debug\projectile_bolt.sbr
e:\documents\cours\git\raven\raven\debug\projectile_bolt.obj
e:\documents\cours\git\raven\raven\debug\projectile_bolt.asm
e:\documents\cours\git\raven\raven\debug\projectile_pellet.obj
e:\documents\cours\git\raven\raven\debug\projectile_pellet.asm
e:\documents\cours\git\raven\raven\debug\projectile_rocket.obj
e:\documents\cours\git\raven\raven\debug\projectile_rocket.asm
e:\documents\cours\git\raven\raven\debug\projectile_slug.obj
e:\documents\cours\git\raven\raven\debug\projectile_slug.asm
e:\documents\cours\git\raven\raven\debug\raven_projectile.obj
e:\documents\cours\git\raven\raven\debug\raven_projectile.asm
e:\documents\cours\git\raven\raven\debug\raven_weapon.obj
e:\documents\cours\git\raven\raven\debug\raven_weapon.asm
e:\documents\cours\git\raven\raven\debug\framecounter.sbr
e:\documents\cours\git\raven\raven\debug\crudetimer.sbr
e:\documents\cours\git\raven\raven\debug\crudetimer.obj
e:\documents\cours\git\raven\raven\debug\crudetimer.asm
e:\documents\cours\git\raven\raven\debug\framecounter.obj
e:\documents\cours\git\raven\raven\debug\framecounter.asm
e:\documents\cours\git\raven\raven\debug\windowutils.sbr
e:\documents\cours\git\raven\raven\debug\precisiontimer.sbr
e:\documents\cours\git\raven\raven\debug\vector2d.sbr
e:\documents\cours\git\raven\raven\debug\vector2d.obj
e:\documents\cours\git\raven\raven\debug\vector2d.asm
e:\documents\cours\git\raven\raven\debug\precisiontimer.obj
e:\documents\cours\git\raven\raven\debug\precisiontimer.asm
e:\documents\cours\git\raven\raven\debug\windowutils.obj
e:\documents\cours\git\raven\raven\debug\windowutils.asm
e:\documents\cours\git\raven\raven\debug\fuzzyoperators.sbr
e:\documents\cours\git\raven\raven\debug\fuzzyoperators.obj
e:\documents\cours\git\raven\raven\debug\fuzzyoperators.asm
e:\documents\cours\git\raven\raven\debug\fuzzyvariable.sbr
e:\documents\cours\git\raven\raven\debug\fuzzyset_triangle.sbr
e:\documents\cours\git\raven\raven\debug\fuzzyset_singleton.sbr
e:\documents\cours\git\raven\raven\debug\fuzzyset_rightshoulder.sbr
e:\documents\cours\git\raven\raven\debug\fuzzyset_leftshoulder.sbr
e:\documents\cours\git\raven\raven\debug\fuzzyset_leftshoulder.obj
e:\documents\cours\git\raven\raven\debug\fuzzyset_leftshoulder.asm
e:\documents\cours\git\raven\raven\debug\fuzzyset_rightshoulder.obj
e:\documents\cours\git\raven\raven\debug\fuzzyset_rightshoulder.asm
e:\documents\cours\git\raven\raven\debug\fuzzyset_singleton.obj
e:\documents\cours\git\raven\raven\debug\fuzzyset_singleton.asm
e:\documents\cours\git\raven\raven\debug\fuzzyset_triangle.obj
e:\documents\cours\git\raven\raven\debug\fuzzyset_triangle.asm
e:\documents\cours\git\raven\raven\debug\fuzzyvariable.obj
e:\documents\cours\git\raven\raven\debug\fuzzyvariable.asm
e:\documents\cours\git\raven\raven\debug\cgdi.sbr
e:\documents\cours\git\raven\raven\debug\fuzzymodule.sbr
e:\documents\cours\git\raven\raven\debug\fuzzymodule.obj
e:\documents\cours\git\raven\raven\debug\fuzzymodule.asm
e:\documents\cours\git\raven\raven\debug\cgdi.obj
e:\documents\cours\git\raven\raven\debug\cgdi.asm
e:\documents\cours\git\raven\raven\debug\messagedispatcher.sbr
e:\documents\cours\git\raven\raven\debug\entitymanager.sbr
e:\documents\cours\git\raven\raven\debug\basegameentity.sbr
e:\documents\cours\git\raven\raven\debug\debugconsole.sbr
e:\documents\cours\git\raven\raven\debug\debugconsole.obj
e:\documents\cours\git\raven\raven\debug\debugconsole.asm
e:\documents\cours\git\raven\raven\debug\basegameentity.obj
e:\documents\cours\git\raven\raven\debug\basegameentity.asm
e:\documents\cours\git\raven\raven\debug\entitymanager.obj
e:\documents\cours\git\raven\raven\debug\entitymanager.asm
e:\documents\cours\git\raven\raven\debug\messagedispatcher.obj
e:\documents\cours\git\raven\raven\debug\messagedispatcher.asm
e:\documents\cours\git\raven\raven\debug\script1.res
e:\documents\cours\git\raven\raven\debug\raven.tlog\cl.command.1.tlog
e:\documents\cours\git\raven\raven\debug\raven.tlog\cl.read.1.tlog
e:\documents\cours\git\raven\raven\debug\raven.tlog\cl.write.1.tlog
e:\documents\cours\git\raven\raven\debug\raven.tlog\link.command.1.tlog
e:\documents\cours\git\raven\raven\debug\raven.tlog\link.read.1.tlog
e:\documents\cours\git\raven\raven\debug\raven.tlog\link.write.1.tlog
e:\documents\cours\git\raven\raven\debug\raven.tlog\rc.command.1.tlog
e:\documents\cours\git\raven\raven\debug\raven.tlog\rc.read.1.tlog
e:\documents\cours\git\raven\raven\debug\raven.tlog\rc.write.1.tlog
