  WindowUtils.cpp
c1xx : fatal error C1083: Impossible d'ouvrir le fichier source : '..\Common\misc\WindowUtils.cpp' : No such file or directory
  FrameCounter.cpp
c1xx : fatal error C1083: Impossible d'ouvrir le fichier source : '..\Common\misc\FrameCounter.cpp' : No such file or directory
  Cgdi.cpp
c1xx : fatal error C1083: Impossible d'ouvrir le fichier source : '..\Common\misc\Cgdi.cpp' : No such file or directory
  FuzzyVariable.cpp
c1xx : fatal error C1083: Impossible d'ouvrir le fichier source : '..\Common\fuzzy\FuzzyVariable.cpp' : No such file or directory
  FuzzySet_Triangle.cpp
c1xx : fatal error C1083: Impossible d'ouvrir le fichier source : '..\Common\fuzzy\FuzzySet_Triangle.cpp' : No such file or directory
  FuzzySet_Singleton.cpp
c1xx : fatal error C1083: Impossible d'ouvrir le fichier source : '..\Common\fuzzy\FuzzySet_Singleton.cpp' : No such file or directory
  FuzzySet_RightShoulder.cpp
c1xx : fatal error C1083: Impossible d'ouvrir le fichier source : '..\Common\fuzzy\FuzzySet_RightShoulder.cpp' : No such file or directory
  FuzzySet_LeftShoulder.cpp
c1xx : fatal error C1083: Impossible d'ouvrir le fichier source : '..\Common\fuzzy\FuzzySet_LeftShoulder.cpp' : No such file or directory
  FuzzyOperators.cpp
c1xx : fatal error C1083: Impossible d'ouvrir le fichier source : '..\Common\fuzzy\FuzzyOperators.cpp' : No such file or directory
  FuzzyModule.cpp
c1xx : fatal error C1083: Impossible d'ouvrir le fichier source : '..\Common\fuzzy\FuzzyModule.cpp' : No such file or directory
  PrecisionTimer.cpp
c1xx : fatal error C1083: Impossible d'ouvrir le fichier source : '..\Common\Time\PrecisionTimer.cpp' : No such file or directory
  CrudeTimer.cpp
c1xx : fatal error C1083: Impossible d'ouvrir le fichier source : '..\Common\Time\CrudeTimer.cpp' : No such file or directory
  MessageDispatcher.cpp
c1xx : fatal error C1083: Impossible d'ouvrir le fichier source : '..\Common\Messaging\MessageDispatcher.cpp' : No such file or directory
  EntityManager.cpp
c1xx : fatal error C1083: Impossible d'ouvrir le fichier source : '..\Common\Game\EntityManager.cpp' : No such file or directory
  BaseGameEntity.cpp
c1xx : fatal error C1083: Impossible d'ouvrir le fichier source : '..\Common\Game\BaseGameEntity.cpp' : No such file or directory
  DebugConsole.cpp
c1xx : fatal error C1083: Impossible d'ouvrir le fichier source : '..\Common\Debug\DebugConsole.cpp' : No such file or directory
  Vector2d.cpp
c1xx : fatal error C1083: Impossible d'ouvrir le fichier source : '..\Common\2D\Vector2d.cpp' : No such file or directory
  Génération de code en cours...
  Ignoré... (aucune modification pertinente détectée)
  Goal_Wander.cpp
  Raven_UserOptions.cpp
